
2016-05-19 13:53:21  [info]  读取配置文件成功...
2016-05-19 13:53:21  [info]  初始化数据库成功...
2016-05-19 13:53:22  [error]  Io 异常: The Network Adapter could not establish the connection
2016-05-19 13:53:22  [error]  null
2016-05-19 13:53:23  [error]  Io 异常: The Network Adapter could not establish the connection
2016-05-19 13:53:23  [error]  null
2016-05-19 13:53:24  [info]  从数据库中获取信息成功...
2016-05-19 13:53:24  [info]  生成模版文件成功...
2016-05-19 13:54:04  [info]  读取配置文件成功...
2016-05-19 13:54:04  [info]  初始化数据库成功...
2016-05-19 13:54:05  [info]  从数据库中获取信息成功...
2016-05-19 13:54:05  [error]  Expression others is undefined on line 1, column 8 in other.txt.
2016-05-19 13:54:05  [info]  生成模版文件成功...
2016-05-19 13:54:56  [info]  读取配置文件成功...
2016-05-19 13:54:56  [info]  初始化数据库成功...
2016-05-19 13:54:57  [info]  从数据库中获取信息成功...
2016-05-19 13:54:57  [info]  从数据库中获取信息成功...
2016-05-19 13:54:57  [info]  从数据库中获取信息成功...
2016-05-19 13:54:57  [info]  从数据库中获取信息成功...
2016-05-19 13:54:57  [info]  生成模版文件成功...